

Date:2020-04-20 20:10:37,272
Thread:[1]
Level:ERROR
Logger:Syncfusion.Xamarin.UI.MainViewModel                         [(null)]
Message:System.NullReferenceException: Object reference not set to an instance of an object.
   at Syncfusion.Xamarin.UI.MainWindow.ItemCheckBox_Unchecked(Object sender, RoutedEventArgs e)


Date:2020-04-20 20:10:43,586
Thread:[1]
Level:ERROR
Logger:Syncfusion.Xamarin.UI.MainViewModel                         [(null)]
Message:System.NullReferenceException: Object reference not set to an instance of an object.
   at Syncfusion.Xamarin.UI.MainWindow.ItemCheckBox_Unchecked(Object sender, RoutedEventArgs e)


Date:2020-04-20 20:10:46,349
Thread:[1]
Level:ERROR
Logger:Syncfusion.Xamarin.UI.MainViewModel                         [(null)]
Message:System.NullReferenceException: Object reference not set to an instance of an object.
   at Syncfusion.Xamarin.UI.MainWindow.ItemCheckBox_Unchecked(Object sender, RoutedEventArgs e)


Date:2020-04-20 20:10:48,478
Thread:[1]
Level:ERROR
Logger:Syncfusion.Xamarin.UI.MainViewModel                         [(null)]
Message:System.NullReferenceException: Object reference not set to an instance of an object.
   at Syncfusion.Xamarin.UI.MainWindow.ItemCheckBox_Unchecked(Object sender, RoutedEventArgs e)


Date:2020-04-20 20:10:49,067
Thread:[1]
Level:ERROR
Logger:Syncfusion.Xamarin.UI.MainViewModel                         [(null)]
Message:System.NullReferenceException: Object reference not set to an instance of an object.
   at Syncfusion.Xamarin.UI.MainWindow.ItemCheckBox_Unchecked(Object sender, RoutedEventArgs e)


Date:2020-04-20 20:11:03,147
Thread:[1]
Level:ERROR
Logger:Syncfusion.Xamarin.UI.MainViewModel                         [(null)]
Message:System.NullReferenceException: Object reference not set to an instance of an object.
   at Syncfusion.Xamarin.UI.MainWindow.ItemCheckBox_Unchecked(Object sender, RoutedEventArgs e)


Date:2020-04-20 20:11:33,477
Thread:[1]
Level:ERROR
Logger:Syncfusion.Xamarin.UI.MainViewModel                         [(null)]
Message:System.NullReferenceException: Object reference not set to an instance of an object.
   at Syncfusion.Xamarin.UI.MainWindow.ItemCheckBox_Unchecked(Object sender, RoutedEventArgs e)


Date:2020-04-20 20:13:07,155
Thread:[1]
Level:ERROR
Logger:Syncfusion.Xamarin.UI.WizardImplementation                         [(null)]
Message:NuGet.PackageManagement.PackageReferenceRollbackException: Package restore failed. Rolling back package changes for 'ArmourAppUi.Android'.
   at NuGet.PackageManagement.NuGetPackageManager.<ExecuteBuildIntegratedProjectActionsAsync>d__78.MoveNext()
--- End of stack trace from previous location where exception was thrown ---
   at System.Runtime.CompilerServices.TaskAwaiter.ThrowForNonSuccess(Task task)
   at System.Runtime.CompilerServices.TaskAwaiter.HandleNonSuccessAndDebuggerNotification(Task task)
   at System.Runtime.CompilerServices.TaskAwaiter.ValidateEnd(Task task)
   at NuGet.PackageManagement.NuGetPackageManager.<ExecuteNuGetProjectActionsAsync>d__76.MoveNext()
--- End of stack trace from previous location where exception was thrown ---
   at System.Runtime.CompilerServices.TaskAwaiter.ThrowForNonSuccess(Task task)
   at System.Runtime.CompilerServices.TaskAwaiter.HandleNonSuccessAndDebuggerNotification(Task task)
   at NuGet.PackageManagement.NuGetPackageManager.<InstallPackageAsync>d__48.MoveNext()
--- End of stack trace from previous location where exception was thrown ---
   at System.Runtime.CompilerServices.TaskAwaiter.ThrowForNonSuccess(Task task)
   at System.Runtime.CompilerServices.TaskAwaiter.HandleNonSuccessAndDebuggerNotification(Task task)
   at NuGet.PackageManagement.NuGetPackageManager.<InstallPackageAsync>d__47.MoveNext()
--- End of stack trace from previous location where exception was thrown ---
   at System.Runtime.CompilerServices.TaskAwaiter.ThrowForNonSuccess(Task task)
   at System.Runtime.CompilerServices.TaskAwaiter.HandleNonSuccessAndDebuggerNotification(Task task)
   at NuGet.VisualStudio.VsPackageInstaller.<InstallInternalCoreAsync>d__30.MoveNext()
--- End of stack trace from previous location where exception was thrown ---
   at System.Runtime.CompilerServices.TaskAwaiter.ThrowForNonSuccess(Task task)
   at System.Runtime.CompilerServices.TaskAwaiter.HandleNonSuccessAndDebuggerNotification(Task task)
   at System.Runtime.CompilerServices.TaskAwaiter.ValidateEnd(Task task)
   at NuGet.VisualStudio.VsPackageInstaller.<InstallInternalAsync>d__29.MoveNext()
--- End of stack trace from previous location where exception was thrown ---
   at System.Runtime.ExceptionServices.ExceptionDispatchInfo.Throw()
   at NuGet.VisualStudio.VsPackageInstaller.<InstallInternalAsync>d__29.MoveNext()
--- End of stack trace from previous location where exception was thrown ---
   at System.Runtime.CompilerServices.TaskAwaiter.ThrowForNonSuccess(Task task)
   at System.Runtime.CompilerServices.TaskAwaiter.HandleNonSuccessAndDebuggerNotification(Task task)
   at Microsoft.VisualStudio.Threading.JoinableTask.CompleteOnCurrentThread()
   at NuGet.VisualStudio.VsPackageInstaller.RunJTFWithCorrectContext(Project project, Func`1 asyncTask)
   at NuGet.VisualStudio.VsPackageInstaller.InstallPackage(String source, Project project, String packageId, String version, Boolean ignoreDependencies)
   at Syncfusion.Xamarin.UI.WizardImplementation.NugetPackageInstallation(Project project, String package, String version)


Date:2020-04-20 20:18:26,239
Thread:[1]
Level:ERROR
Logger:Syncfusion.Xamarin.UI.WizardImplementation                         [(null)]
Message:NuGet.PackageManagement.PackageReferenceRollbackException: Package restore failed. Rolling back package changes for 'ArmourAppUi'.
   at NuGet.PackageManagement.NuGetPackageManager.<ExecuteBuildIntegratedProjectActionsAsync>d__78.MoveNext()
--- End of stack trace from previous location where exception was thrown ---
   at System.Runtime.CompilerServices.TaskAwaiter.ThrowForNonSuccess(Task task)
   at System.Runtime.CompilerServices.TaskAwaiter.HandleNonSuccessAndDebuggerNotification(Task task)
   at System.Runtime.CompilerServices.TaskAwaiter.ValidateEnd(Task task)
   at NuGet.PackageManagement.NuGetPackageManager.<ExecuteNuGetProjectActionsAsync>d__76.MoveNext()
--- End of stack trace from previous location where exception was thrown ---
   at System.Runtime.CompilerServices.TaskAwaiter.ThrowForNonSuccess(Task task)
   at System.Runtime.CompilerServices.TaskAwaiter.HandleNonSuccessAndDebuggerNotification(Task task)
   at NuGet.PackageManagement.NuGetPackageManager.<InstallPackageAsync>d__48.MoveNext()
--- End of stack trace from previous location where exception was thrown ---
   at System.Runtime.CompilerServices.TaskAwaiter.ThrowForNonSuccess(Task task)
   at System.Runtime.CompilerServices.TaskAwaiter.HandleNonSuccessAndDebuggerNotification(Task task)
   at NuGet.PackageManagement.NuGetPackageManager.<InstallPackageAsync>d__47.MoveNext()
--- End of stack trace from previous location where exception was thrown ---
   at System.Runtime.CompilerServices.TaskAwaiter.ThrowForNonSuccess(Task task)
   at System.Runtime.CompilerServices.TaskAwaiter.HandleNonSuccessAndDebuggerNotification(Task task)
   at NuGet.VisualStudio.VsPackageInstaller.<InstallInternalCoreAsync>d__30.MoveNext()
--- End of stack trace from previous location where exception was thrown ---
   at System.Runtime.CompilerServices.TaskAwaiter.ThrowForNonSuccess(Task task)
   at System.Runtime.CompilerServices.TaskAwaiter.HandleNonSuccessAndDebuggerNotification(Task task)
   at System.Runtime.CompilerServices.TaskAwaiter.ValidateEnd(Task task)
   at NuGet.VisualStudio.VsPackageInstaller.<InstallInternalAsync>d__29.MoveNext()
--- End of stack trace from previous location where exception was thrown ---
   at System.Runtime.ExceptionServices.ExceptionDispatchInfo.Throw()
   at NuGet.VisualStudio.VsPackageInstaller.<InstallInternalAsync>d__29.MoveNext()
--- End of stack trace from previous location where exception was thrown ---
   at System.Runtime.CompilerServices.TaskAwaiter.ThrowForNonSuccess(Task task)
   at System.Runtime.CompilerServices.TaskAwaiter.HandleNonSuccessAndDebuggerNotification(Task task)
   at Microsoft.VisualStudio.Threading.JoinableTask.CompleteOnCurrentThread()
   at NuGet.VisualStudio.VsPackageInstaller.RunJTFWithCorrectContext(Project project, Func`1 asyncTask)
   at NuGet.VisualStudio.VsPackageInstaller.InstallPackage(String source, Project project, String packageId, String version, Boolean ignoreDependencies)
   at Syncfusion.Xamarin.UI.WizardImplementation.NugetPackageInstallation(Project project, String package, String version)
